<?xml version="1.0" encoding="UTF-8"?>
<!-- Generated by org.testng.reporters.JUnitXMLReporter -->
<testsuite ignored="0" hostname="LAPTOP-6IJ9R6UE" failures="0" tests="3" name="Test" time="18.458" errors="0" timestamp="2022-07-20T14:30:15 IST">
  <testcase classname="pwcInterview.pwcInterview.IphoneSearchTest" name="iphoneSearch" time="11.951"/>
  <testcase classname="pwcInterview.pwcInterview.IphoneSearchTest" name="addCart" time="0.0"/>
  <testcase classname="pwcInterview.pwcInterview.addTocartTest" name="addToCart" time="0.001"/>
</testsuite> <!-- Test -->
