<?xml version="1.0" encoding="UTF-8"?>
<testng-results ignored="0" total="3" passed="3" failed="0" skipped="0">
  <reporter-output>
  </reporter-output>
  <suite started-at="2022-07-20T14:29:57 IST" name="Suite" finished-at="2022-07-20T14:30:15 IST" duration-ms="18458">
    <groups>
    </groups>
    <test started-at="2022-07-20T14:29:57 IST" name="Test" finished-at="2022-07-20T14:30:15 IST" duration-ms="18458">
      <class name="pwcInterview.pwcInterview.addTocartTest">
        <test-method is-config="true" signature="config()[pri:0, instance:pwcInterview.pwcInterview.addTocartTest@4145bad8]" started-at="2022-07-20T14:30:02 IST" name="config" finished-at="2022-07-20T14:30:03 IST" duration-ms="1135" status="PASS">
          <reporter-output>
          </reporter-output>
        </test-method> <!-- config -->
        <test-method signature="addToCart()[pri:0, instance:pwcInterview.pwcInterview.addTocartTest@4145bad8]" started-at="2022-07-20T14:30:15 IST" name="addToCart" finished-at="2022-07-20T14:30:15 IST" duration-ms="1" status="PASS">
          <reporter-output>
          </reporter-output>
        </test-method> <!-- addToCart -->
      </class> <!-- pwcInterview.pwcInterview.addTocartTest -->
      <class name="pwcInterview.pwcInterview.IphoneSearchTest">
        <test-method is-config="true" signature="config()[pri:0, instance:pwcInterview.pwcInterview.IphoneSearchTest@1e6a3214]" started-at="2022-07-20T14:29:57 IST" name="config" finished-at="2022-07-20T14:30:02 IST" duration-ms="5274" status="PASS">
          <reporter-output>
          </reporter-output>
        </test-method> <!-- config -->
        <test-method signature="iphoneSearch()[pri:1, instance:pwcInterview.pwcInterview.IphoneSearchTest@1e6a3214]" started-at="2022-07-20T14:30:03 IST" name="iphoneSearch" finished-at="2022-07-20T14:30:15 IST" duration-ms="11951" status="PASS">
          <reporter-output>
          </reporter-output>
        </test-method> <!-- iphoneSearch -->
        <test-method signature="addCart()[pri:2, instance:pwcInterview.pwcInterview.IphoneSearchTest@1e6a3214]" started-at="2022-07-20T14:30:15 IST" name="addCart" finished-at="2022-07-20T14:30:15 IST" duration-ms="0" status="PASS">
          <reporter-output>
          </reporter-output>
        </test-method> <!-- addCart -->
        <test-method is-config="true" signature="tearDown()[pri:0, instance:pwcInterview.pwcInterview.IphoneSearchTest@1e6a3214]" started-at="2022-07-20T14:30:15 IST" name="tearDown" finished-at="2022-07-20T14:30:15 IST" duration-ms="64" status="PASS">
          <reporter-output>
          </reporter-output>
        </test-method> <!-- tearDown -->
      </class> <!-- pwcInterview.pwcInterview.IphoneSearchTest -->
    </test> <!-- Test -->
  </suite> <!-- Suite -->
</testng-results>
