<?xml version="1.0" encoding="UTF-8"?>
<testng-results ignored="0" total="2" passed="2" failed="0" skipped="0">
  <reporter-output>
  </reporter-output>
  <suite started-at="2022-07-20T18:10:30 IST" name="Default suite" finished-at="2022-07-20T18:10:48 IST" duration-ms="17564">
    <groups>
    </groups>
    <test started-at="2022-07-20T18:10:30 IST" name="Default test" finished-at="2022-07-20T18:10:48 IST" duration-ms="17564">
      <class name="pwcInterview.pwcInterview.IphoneSearchTest">
        <test-method is-config="true" signature="config()[pri:0, instance:pwcInterview.pwcInterview.IphoneSearchTest@43dac38f]" started-at="2022-07-20T18:10:30 IST" name="config" finished-at="2022-07-20T18:10:31 IST" duration-ms="263" status="PASS">
          <reporter-output>
          </reporter-output>
        </test-method> <!-- config -->
        <test-method signature="iphoneSearch()[pri:1, instance:pwcInterview.pwcInterview.IphoneSearchTest@43dac38f]" started-at="2022-07-20T18:10:31 IST" name="iphoneSearch" finished-at="2022-07-20T18:10:47 IST" duration-ms="16930" status="PASS">
          <reporter-output>
          </reporter-output>
        </test-method> <!-- iphoneSearch -->
        <test-method signature="addCart()[pri:2, instance:pwcInterview.pwcInterview.IphoneSearchTest@43dac38f]" started-at="2022-07-20T18:10:47 IST" name="addCart" finished-at="2022-07-20T18:10:47 IST" duration-ms="1" status="PASS">
          <reporter-output>
          </reporter-output>
        </test-method> <!-- addCart -->
        <test-method is-config="true" signature="tearDown()[pri:0, instance:pwcInterview.pwcInterview.IphoneSearchTest@43dac38f]" started-at="2022-07-20T18:10:47 IST" name="tearDown" finished-at="2022-07-20T18:10:48 IST" duration-ms="340" status="PASS">
          <reporter-output>
          </reporter-output>
        </test-method> <!-- tearDown -->
      </class> <!-- pwcInterview.pwcInterview.IphoneSearchTest -->
    </test> <!-- Default test -->
  </suite> <!-- Default suite -->
</testng-results>
